<?xml version="1.0" encoding="UTF-8"?>
<!-- Generated by org.testng.reporters.JUnitReportReporter -->
<testsuite hostname="gani" failures="0" tests="3" name="com.selenium.hybrid.sampletestsrepo.Login" time="0.059" errors="0" timestamp="2025-04-27T20:35:07 IST" skipped="0">
  <testcase classname="com.selenium.hybrid.sampletestsrepo.Login" name="loginByFacebook" time="0.023"/>
  <testcase classname="com.selenium.hybrid.sampletestsrepo.Login" name="loginByEmail" time="0.011"/>
  <testcase classname="com.selenium.hybrid.sampletestsrepo.Login" name="loginByTwitter" time="0.025"/>
</testsuite> <!-- com.selenium.hybrid.sampletestsrepo.Login -->
