<?xml version="1.0" encoding="UTF-8"?>
<!-- Generated by org.testng.reporters.JUnitReportReporter -->
<testsuite hostname="gani" failures="0" tests="1" name="com.selenium.hybrid.testrepo.sample" time="5.087" errors="0" timestamp="2025-04-27T15:16:23 IST" skipped="0">
  <testcase classname="com.selenium.hybrid.testrepo.sample" name="ran" time="5.087"/>
</testsuite> <!-- com.selenium.hybrid.testrepo.sample -->
