<?xml version="1.0" encoding="UTF-8"?>
<!-- Generated by org.testng.reporters.JUnitReportReporter -->
<testsuite hostname="gani" failures="0" tests="3" name="com.selenium.hybrid.sampletestsrepo.Singup" time="0.023" errors="0" timestamp="2025-04-27T20:37:23 IST" skipped="0">
  <testcase classname="com.selenium.hybrid.sampletestsrepo.Singup" name="signUpByFacebook" time="0.003"/>
  <testcase classname="com.selenium.hybrid.sampletestsrepo.Singup" name="signUpByEmail" time="0.004"/>
  <testcase classname="com.selenium.hybrid.sampletestsrepo.Singup" name="signUpByTwitter" time="0.016"/>
</testsuite> <!-- com.selenium.hybrid.sampletestsrepo.Singup -->
