<?xml version="1.0" encoding="UTF-8"?>
<!-- Generated by org.testng.reporters.JUnitReportReporter -->
<testsuite hostname="gani" failures="0" tests="1" name="com.selenium.hybrid.testrepo.Verify_E2E_OrderPlaced" time="17.531" errors="0" timestamp="2025-04-27T20:07:33 IST" skipped="0">
  <testcase classname="com.selenium.hybrid.testrepo.Verify_E2E_OrderPlaced" name="addProductToCart" time="17.531"/>
</testsuite> <!-- com.selenium.hybrid.testrepo.Verify_E2E_OrderPlaced -->
