<?xml version="1.0" encoding="UTF-8"?>
<!-- Generated by org.testng.reporters.JUnitReportReporter -->
<testsuite hostname="gani" failures="0" tests="2" name="com.selenium.hybrid.sampletestsrepo.Payment" time="0.037" errors="0" timestamp="2025-04-27T20:37:23 IST" skipped="0">
  <testcase classname="com.selenium.hybrid.sampletestsrepo.Payment" name="paymentByRuppes" time="0.029"/>
  <testcase classname="com.selenium.hybrid.sampletestsrepo.Payment" name="paymentBydollrs" time="0.008"/>
</testsuite> <!-- com.selenium.hybrid.sampletestsrepo.Payment -->
