<?xml version="1.0" encoding="UTF-8"?>
<!-- Generated by org.testng.reporters.JUnitReportReporter -->
<testsuite hostname="gani" failures="0" tests="1" name="com.selenium.hybrid.testrepo.Verify_Login_Page" time="13.601" errors="0" timestamp="2025-04-28T20:31:08 IST" skipped="0">
  <testcase classname="com.selenium.hybrid.testrepo.Verify_Login_Page" name="loginPage" time="13.601"/>
</testsuite> <!-- com.selenium.hybrid.testrepo.Verify_Login_Page -->
